[2m2019-08-21 22:00:43.315[0;39m [32m INFO [-,,,][0;39m [35m2968[0;39m [2m---[0;39m [2m[           main][0;39m [36mtrationDelegate$BeanPostProcessorChecker[0;39m [2m:[0;39m Bean 'configurationPropertiesRebinderAutoConfiguration' of type [org.springframework.cloud.autoconfigure.ConfigurationPropertiesRebinderAutoConfiguration$$EnhancerBySpringCGLIB$$105a6ef0] is not eligible for getting processed by all BeanPostProcessors (for example: not eligible for auto-proxying)
[2m2019-08-21 22:00:43.648[0;39m [32m INFO [-,,,][0;39m [35m2968[0;39m [2m---[0;39m [2m[           main][0;39m [36mc.s.sleuth.SleuthConServiceApplication  [0;39m [2m:[0;39m No active profile set, falling back to default profiles: default
[2m2019-08-21 22:00:44.689[0;39m [32m INFO [-,,,][0;39m [35m2968[0;39m [2m---[0;39m [2m[           main][0;39m [36mo.s.cloud.context.scope.GenericScope    [0;39m [2m:[0;39m BeanFactory id=54537466-08e7-35ca-b25f-64875069e767
[2m2019-08-21 22:00:45.021[0;39m [32m INFO [-,,,][0;39m [35m2968[0;39m [2m---[0;39m [2m[           main][0;39m [36mtrationDelegate$BeanPostProcessorChecker[0;39m [2m:[0;39m Bean 'org.springframework.cloud.autoconfigure.ConfigurationPropertiesRebinderAutoConfiguration' of type [org.springframework.cloud.autoconfigure.ConfigurationPropertiesRebinderAutoConfiguration$$EnhancerBySpringCGLIB$$105a6ef0] is not eligible for getting processed by all BeanPostProcessors (for example: not eligible for auto-proxying)
[2m2019-08-21 22:00:45.454[0;39m [32m INFO [-,,,][0;39m [35m2968[0;39m [2m---[0;39m [2m[           main][0;39m [36mo.s.b.w.embedded.tomcat.TomcatWebServer [0;39m [2m:[0;39m Tomcat initialized with port(s): 8082 (http)
[2m2019-08-21 22:00:45.479[0;39m [32m INFO [-,,,][0;39m [35m2968[0;39m [2m---[0;39m [2m[           main][0;39m [36mo.apache.catalina.core.StandardService  [0;39m [2m:[0;39m Starting service [Tomcat]
[2m2019-08-21 22:00:45.480[0;39m [32m INFO [-,,,][0;39m [35m2968[0;39m [2m---[0;39m [2m[           main][0;39m [36morg.apache.catalina.core.StandardEngine [0;39m [2m:[0;39m Starting Servlet engine: [Apache Tomcat/9.0.22]
[2m2019-08-21 22:00:45.585[0;39m [32m INFO [-,,,][0;39m [35m2968[0;39m [2m---[0;39m [2m[           main][0;39m [36mo.a.c.c.C.[Tomcat].[localhost].[/]      [0;39m [2m:[0;39m Initializing Spring embedded WebApplicationContext
[2m2019-08-21 22:00:45.586[0;39m [32m INFO [-,,,][0;39m [35m2968[0;39m [2m---[0;39m [2m[           main][0;39m [36mo.s.web.context.ContextLoader           [0;39m [2m:[0;39m Root WebApplicationContext: initialization completed in 1900 ms
[2m2019-08-21 22:00:45.981[0;39m [33m WARN [-,,,][0;39m [35m2968[0;39m [2m---[0;39m [2m[           main][0;39m [36mc.n.c.sources.URLConfigurationSource    [0;39m [2m:[0;39m No URLs will be polled as dynamic configuration sources.
[2m2019-08-21 22:00:45.981[0;39m [32m INFO [-,,,][0;39m [35m2968[0;39m [2m---[0;39m [2m[           main][0;39m [36mc.n.c.sources.URLConfigurationSource    [0;39m [2m:[0;39m To enable URLs as dynamic configuration sources, define System property archaius.configurationSource.additionalUrls or make config.properties available on classpath.
[2m2019-08-21 22:00:45.986[0;39m [33m WARN [-,,,][0;39m [35m2968[0;39m [2m---[0;39m [2m[           main][0;39m [36mc.n.c.sources.URLConfigurationSource    [0;39m [2m:[0;39m No URLs will be polled as dynamic configuration sources.
[2m2019-08-21 22:00:45.987[0;39m [32m INFO [-,,,][0;39m [35m2968[0;39m [2m---[0;39m [2m[           main][0;39m [36mc.n.c.sources.URLConfigurationSource    [0;39m [2m:[0;39m To enable URLs as dynamic configuration sources, define System property archaius.configurationSource.additionalUrls or make config.properties available on classpath.
[2m2019-08-21 22:00:46.454[0;39m [32m INFO [-,,,][0;39m [35m2968[0;39m [2m---[0;39m [2m[           main][0;39m [36mo.s.s.concurrent.ThreadPoolTaskExecutor [0;39m [2m:[0;39m Initializing ExecutorService 'applicationTaskExecutor'
[2m2019-08-21 22:00:47.288[0;39m [32m INFO [-,,,][0;39m [35m2968[0;39m [2m---[0;39m [2m[           main][0;39m [36mo.s.c.n.eureka.InstanceInfoFactory      [0;39m [2m:[0;39m Setting initial instance status as: STARTING
[2m2019-08-21 22:00:47.328[0;39m [32m INFO [-,,,][0;39m [35m2968[0;39m [2m---[0;39m [2m[           main][0;39m [36mcom.netflix.discovery.DiscoveryClient   [0;39m [2m:[0;39m Initializing Eureka in region us-east-1
[2m2019-08-21 22:00:47.530[0;39m [32m INFO [-,,,][0;39m [35m2968[0;39m [2m---[0;39m [2m[           main][0;39m [36mc.n.d.provider.DiscoveryJerseyProvider  [0;39m [2m:[0;39m Using JSON encoding codec LegacyJacksonJson
[2m2019-08-21 22:00:47.530[0;39m [32m INFO [-,,,][0;39m [35m2968[0;39m [2m---[0;39m [2m[           main][0;39m [36mc.n.d.provider.DiscoveryJerseyProvider  [0;39m [2m:[0;39m Using JSON decoding codec LegacyJacksonJson
[2m2019-08-21 22:00:47.642[0;39m [32m INFO [-,,,][0;39m [35m2968[0;39m [2m---[0;39m [2m[           main][0;39m [36mc.n.d.provider.DiscoveryJerseyProvider  [0;39m [2m:[0;39m Using XML encoding codec XStreamXml
[2m2019-08-21 22:00:47.642[0;39m [32m INFO [-,,,][0;39m [35m2968[0;39m [2m---[0;39m [2m[           main][0;39m [36mc.n.d.provider.DiscoveryJerseyProvider  [0;39m [2m:[0;39m Using XML decoding codec XStreamXml
[2m2019-08-21 22:00:47.817[0;39m [32m INFO [-,,,][0;39m [35m2968[0;39m [2m---[0;39m [2m[           main][0;39m [36mc.n.d.s.r.aws.ConfigClusterResolver     [0;39m [2m:[0;39m Resolving eureka endpoints via configuration
[2m2019-08-21 22:00:47.832[0;39m [32m INFO [-,,,][0;39m [35m2968[0;39m [2m---[0;39m [2m[           main][0;39m [36mcom.netflix.discovery.DiscoveryClient   [0;39m [2m:[0;39m Disable delta property : false
[2m2019-08-21 22:00:47.832[0;39m [32m INFO [-,,,][0;39m [35m2968[0;39m [2m---[0;39m [2m[           main][0;39m [36mcom.netflix.discovery.DiscoveryClient   [0;39m [2m:[0;39m Single vip registry refresh property : null
[2m2019-08-21 22:00:47.833[0;39m [32m INFO [-,,,][0;39m [35m2968[0;39m [2m---[0;39m [2m[           main][0;39m [36mcom.netflix.discovery.DiscoveryClient   [0;39m [2m:[0;39m Force full registry fetch : false
[2m2019-08-21 22:00:47.833[0;39m [32m INFO [-,,,][0;39m [35m2968[0;39m [2m---[0;39m [2m[           main][0;39m [36mcom.netflix.discovery.DiscoveryClient   [0;39m [2m:[0;39m Application is null : false
[2m2019-08-21 22:00:47.833[0;39m [32m INFO [-,,,][0;39m [35m2968[0;39m [2m---[0;39m [2m[           main][0;39m [36mcom.netflix.discovery.DiscoveryClient   [0;39m [2m:[0;39m Registered Applications size is zero : true
[2m2019-08-21 22:00:47.833[0;39m [32m INFO [-,,,][0;39m [35m2968[0;39m [2m---[0;39m [2m[           main][0;39m [36mcom.netflix.discovery.DiscoveryClient   [0;39m [2m:[0;39m Application version is -1: true
[2m2019-08-21 22:00:47.834[0;39m [32m INFO [-,,,][0;39m [35m2968[0;39m [2m---[0;39m [2m[           main][0;39m [36mcom.netflix.discovery.DiscoveryClient   [0;39m [2m:[0;39m Getting all instance registry info from the eureka server
[2m2019-08-21 22:00:48.008[0;39m [32m INFO [-,,,][0;39m [35m2968[0;39m [2m---[0;39m [2m[           main][0;39m [36mcom.netflix.discovery.DiscoveryClient   [0;39m [2m:[0;39m The response status is 200
[2m2019-08-21 22:00:48.010[0;39m [32m INFO [-,,,][0;39m [35m2968[0;39m [2m---[0;39m [2m[           main][0;39m [36mcom.netflix.discovery.DiscoveryClient   [0;39m [2m:[0;39m Starting heartbeat executor: renew interval is: 30
[2m2019-08-21 22:00:48.013[0;39m [32m INFO [-,,,][0;39m [35m2968[0;39m [2m---[0;39m [2m[           main][0;39m [36mc.n.discovery.InstanceInfoReplicator    [0;39m [2m:[0;39m InstanceInfoReplicator onDemand update allowed rate per min is 4
[2m2019-08-21 22:00:48.016[0;39m [32m INFO [-,,,][0;39m [35m2968[0;39m [2m---[0;39m [2m[           main][0;39m [36mcom.netflix.discovery.DiscoveryClient   [0;39m [2m:[0;39m Discovery Client initialized at timestamp 1566396048015 with initial instances count: 0
[2m2019-08-21 22:00:48.026[0;39m [32m INFO [-,,,][0;39m [35m2968[0;39m [2m---[0;39m [2m[           main][0;39m [36mo.s.c.n.e.s.EurekaServiceRegistry       [0;39m [2m:[0;39m Registering application SLEUTH-CON with eureka with status UP
[2m2019-08-21 22:00:48.027[0;39m [32m INFO [-,,,][0;39m [35m2968[0;39m [2m---[0;39m [2m[           main][0;39m [36mcom.netflix.discovery.DiscoveryClient   [0;39m [2m:[0;39m Saw local status change event StatusChangeEvent [timestamp=1566396048027, current=UP, previous=STARTING]
[2m2019-08-21 22:00:48.029[0;39m [32m INFO [-,,,][0;39m [35m2968[0;39m [2m---[0;39m [2m[nfoReplicator-0][0;39m [36mcom.netflix.discovery.DiscoveryClient   [0;39m [2m:[0;39m DiscoveryClient_SLEUTH-CON/192.168.0.104:sleuth-con:8082: registering service...
[2m2019-08-21 22:00:48.126[0;39m [32m INFO [-,,,][0;39m [35m2968[0;39m [2m---[0;39m [2m[           main][0;39m [36mo.s.b.w.embedded.tomcat.TomcatWebServer [0;39m [2m:[0;39m Tomcat started on port(s): 8082 (http) with context path ''
[2m2019-08-21 22:00:48.133[0;39m [32m INFO [-,,,][0;39m [35m2968[0;39m [2m---[0;39m [2m[           main][0;39m [36mc.s.sleuth.SleuthConServiceApplication  [0;39m [2m:[0;39m Started SleuthConServiceApplication in 6.664 seconds (JVM running for 7.665)
[2m2019-08-21 22:00:48.139[0;39m [32m INFO [-,,,][0;39m [35m2968[0;39m [2m---[0;39m [2m[nfoReplicator-0][0;39m [36mcom.netflix.discovery.DiscoveryClient   [0;39m [2m:[0;39m DiscoveryClient_SLEUTH-CON/192.168.0.104:sleuth-con:8082 - registration status: 204
[2m2019-08-21 22:01:16.238[0;39m [32m INFO [-,,,][0;39m [35m2968[0;39m [2m---[0;39m [2m[      Thread-19][0;39m [36mo.s.c.n.e.s.EurekaServiceRegistry       [0;39m [2m:[0;39m Unregistering application SLEUTH-CON with eureka with status DOWN
[2m2019-08-21 22:01:16.239[0;39m [33m WARN [-,,,][0;39m [35m2968[0;39m [2m---[0;39m [2m[      Thread-19][0;39m [36mcom.netflix.discovery.DiscoveryClient   [0;39m [2m:[0;39m Saw local status change event StatusChangeEvent [timestamp=1566396076239, current=DOWN, previous=UP]
[2m2019-08-21 22:01:16.242[0;39m [32m INFO [-,,,][0;39m [35m2968[0;39m [2m---[0;39m [2m[nfoReplicator-0][0;39m [36mcom.netflix.discovery.DiscoveryClient   [0;39m [2m:[0;39m DiscoveryClient_SLEUTH-CON/192.168.0.104:sleuth-con:8082: registering service...
[2m2019-08-21 22:01:16.246[0;39m [32m INFO [-,,,][0;39m [35m2968[0;39m [2m---[0;39m [2m[      Thread-19][0;39m [36mo.s.s.concurrent.ThreadPoolTaskExecutor [0;39m [2m:[0;39m Shutting down ExecutorService 'applicationTaskExecutor'
[2m2019-08-21 22:01:16.248[0;39m [32m INFO [-,,,][0;39m [35m2968[0;39m [2m---[0;39m [2m[      Thread-19][0;39m [36mcom.netflix.discovery.DiscoveryClient   [0;39m [2m:[0;39m Shutting down DiscoveryClient ...
[2m2019-08-21 22:01:16.252[0;39m [33m WARN [-,,,][0;39m [35m2968[0;39m [2m---[0;39m [2m[      Thread-19][0;39m [36m.s.c.a.CommonAnnotationBeanPostProcessor[0;39m [2m:[0;39m Destroy method on bean with name 'scopedTarget.eurekaClient' threw an exception: org.springframework.beans.factory.BeanCreationNotAllowedException: Error creating bean with name 'eurekaInstanceConfigBean': Singleton bean creation not allowed while singletons of this factory are in destruction (Do not request a bean from a BeanFactory in a destroy method implementation!)
[2m2019-08-21 22:01:16.255[0;39m [32m INFO [-,,,][0;39m [35m2968[0;39m [2m---[0;39m [2m[nfoReplicator-0][0;39m [36mcom.netflix.discovery.DiscoveryClient   [0;39m [2m:[0;39m DiscoveryClient_SLEUTH-CON/192.168.0.104:sleuth-con:8082 - registration status: 204
[2m2019-08-21 22:01:23.234[0;39m [32m INFO [-,,,][0;39m [35m2979[0;39m [2m---[0;39m [2m[           main][0;39m [36mtrationDelegate$BeanPostProcessorChecker[0;39m [2m:[0;39m Bean 'configurationPropertiesRebinderAutoConfiguration' of type [org.springframework.cloud.autoconfigure.ConfigurationPropertiesRebinderAutoConfiguration$$EnhancerBySpringCGLIB$$798dd570] is not eligible for getting processed by all BeanPostProcessors (for example: not eligible for auto-proxying)
[2m2019-08-21 22:01:23.570[0;39m [32m INFO [-,,,][0;39m [35m2979[0;39m [2m---[0;39m [2m[           main][0;39m [36mc.s.sleuth.SleuthConServiceApplication  [0;39m [2m:[0;39m No active profile set, falling back to default profiles: default
[2m2019-08-21 22:01:24.528[0;39m [32m INFO [-,,,][0;39m [35m2979[0;39m [2m---[0;39m [2m[           main][0;39m [36mo.s.cloud.context.scope.GenericScope    [0;39m [2m:[0;39m BeanFactory id=54537466-08e7-35ca-b25f-64875069e767
[2m2019-08-21 22:01:24.812[0;39m [32m INFO [-,,,][0;39m [35m2979[0;39m [2m---[0;39m [2m[           main][0;39m [36mtrationDelegate$BeanPostProcessorChecker[0;39m [2m:[0;39m Bean 'org.springframework.cloud.autoconfigure.ConfigurationPropertiesRebinderAutoConfiguration' of type [org.springframework.cloud.autoconfigure.ConfigurationPropertiesRebinderAutoConfiguration$$EnhancerBySpringCGLIB$$798dd570] is not eligible for getting processed by all BeanPostProcessors (for example: not eligible for auto-proxying)
[2m2019-08-21 22:01:25.203[0;39m [32m INFO [-,,,][0;39m [35m2979[0;39m [2m---[0;39m [2m[           main][0;39m [36mo.s.b.w.embedded.tomcat.TomcatWebServer [0;39m [2m:[0;39m Tomcat initialized with port(s): 8082 (http)
[2m2019-08-21 22:01:25.239[0;39m [32m INFO [-,,,][0;39m [35m2979[0;39m [2m---[0;39m [2m[           main][0;39m [36mo.apache.catalina.core.StandardService  [0;39m [2m:[0;39m Starting service [Tomcat]
[2m2019-08-21 22:01:25.240[0;39m [32m INFO [-,,,][0;39m [35m2979[0;39m [2m---[0;39m [2m[           main][0;39m [36morg.apache.catalina.core.StandardEngine [0;39m [2m:[0;39m Starting Servlet engine: [Apache Tomcat/9.0.22]
[2m2019-08-21 22:01:25.388[0;39m [32m INFO [-,,,][0;39m [35m2979[0;39m [2m---[0;39m [2m[           main][0;39m [36mo.a.c.c.C.[Tomcat].[localhost].[/]      [0;39m [2m:[0;39m Initializing Spring embedded WebApplicationContext
[2m2019-08-21 22:01:25.389[0;39m [32m INFO [-,,,][0;39m [35m2979[0;39m [2m---[0;39m [2m[           main][0;39m [36mo.s.web.context.ContextLoader           [0;39m [2m:[0;39m Root WebApplicationContext: initialization completed in 1798 ms
[2m2019-08-21 22:01:25.767[0;39m [33m WARN [-,,,][0;39m [35m2979[0;39m [2m---[0;39m [2m[           main][0;39m [36mc.n.c.sources.URLConfigurationSource    [0;39m [2m:[0;39m No URLs will be polled as dynamic configuration sources.
[2m2019-08-21 22:01:25.767[0;39m [32m INFO [-,,,][0;39m [35m2979[0;39m [2m---[0;39m [2m[           main][0;39m [36mc.n.c.sources.URLConfigurationSource    [0;39m [2m:[0;39m To enable URLs as dynamic configuration sources, define System property archaius.configurationSource.additionalUrls or make config.properties available on classpath.
[2m2019-08-21 22:01:25.772[0;39m [33m WARN [-,,,][0;39m [35m2979[0;39m [2m---[0;39m [2m[           main][0;39m [36mc.n.c.sources.URLConfigurationSource    [0;39m [2m:[0;39m No URLs will be polled as dynamic configuration sources.
[2m2019-08-21 22:01:25.772[0;39m [32m INFO [-,,,][0;39m [35m2979[0;39m [2m---[0;39m [2m[           main][0;39m [36mc.n.c.sources.URLConfigurationSource    [0;39m [2m:[0;39m To enable URLs as dynamic configuration sources, define System property archaius.configurationSource.additionalUrls or make config.properties available on classpath.
[2m2019-08-21 22:01:26.385[0;39m [32m INFO [-,,,][0;39m [35m2979[0;39m [2m---[0;39m [2m[           main][0;39m [36mo.s.s.concurrent.ThreadPoolTaskExecutor [0;39m [2m:[0;39m Initializing ExecutorService 'applicationTaskExecutor'
[2m2019-08-21 22:01:27.391[0;39m [32m INFO [-,,,][0;39m [35m2979[0;39m [2m---[0;39m [2m[           main][0;39m [36mo.s.c.n.eureka.InstanceInfoFactory      [0;39m [2m:[0;39m Setting initial instance status as: STARTING
[2m2019-08-21 22:01:27.464[0;39m [32m INFO [-,,,][0;39m [35m2979[0;39m [2m---[0;39m [2m[           main][0;39m [36mcom.netflix.discovery.DiscoveryClient   [0;39m [2m:[0;39m Initializing Eureka in region us-east-1
[2m2019-08-21 22:01:27.690[0;39m [32m INFO [-,,,][0;39m [35m2979[0;39m [2m---[0;39m [2m[           main][0;39m [36mc.n.d.provider.DiscoveryJerseyProvider  [0;39m [2m:[0;39m Using JSON encoding codec LegacyJacksonJson
[2m2019-08-21 22:01:27.691[0;39m [32m INFO [-,,,][0;39m [35m2979[0;39m [2m---[0;39m [2m[           main][0;39m [36mc.n.d.provider.DiscoveryJerseyProvider  [0;39m [2m:[0;39m Using JSON decoding codec LegacyJacksonJson
[2m2019-08-21 22:01:27.815[0;39m [32m INFO [-,,,][0;39m [35m2979[0;39m [2m---[0;39m [2m[           main][0;39m [36mc.n.d.provider.DiscoveryJerseyProvider  [0;39m [2m:[0;39m Using XML encoding codec XStreamXml
[2m2019-08-21 22:01:27.816[0;39m [32m INFO [-,,,][0;39m [35m2979[0;39m [2m---[0;39m [2m[           main][0;39m [36mc.n.d.provider.DiscoveryJerseyProvider  [0;39m [2m:[0;39m Using XML decoding codec XStreamXml
[2m2019-08-21 22:01:28.093[0;39m [32m INFO [-,,,][0;39m [35m2979[0;39m [2m---[0;39m [2m[           main][0;39m [36mc.n.d.s.r.aws.ConfigClusterResolver     [0;39m [2m:[0;39m Resolving eureka endpoints via configuration
[2m2019-08-21 22:01:28.115[0;39m [32m INFO [-,,,][0;39m [35m2979[0;39m [2m---[0;39m [2m[           main][0;39m [36mcom.netflix.discovery.DiscoveryClient   [0;39m [2m:[0;39m Disable delta property : false
[2m2019-08-21 22:01:28.116[0;39m [32m INFO [-,,,][0;39m [35m2979[0;39m [2m---[0;39m [2m[           main][0;39m [36mcom.netflix.discovery.DiscoveryClient   [0;39m [2m:[0;39m Single vip registry refresh property : null
[2m2019-08-21 22:01:28.117[0;39m [32m INFO [-,,,][0;39m [35m2979[0;39m [2m---[0;39m [2m[           main][0;39m [36mcom.netflix.discovery.DiscoveryClient   [0;39m [2m:[0;39m Force full registry fetch : false
[2m2019-08-21 22:01:28.117[0;39m [32m INFO [-,,,][0;39m [35m2979[0;39m [2m---[0;39m [2m[           main][0;39m [36mcom.netflix.discovery.DiscoveryClient   [0;39m [2m:[0;39m Application is null : false
[2m2019-08-21 22:01:28.118[0;39m [32m INFO [-,,,][0;39m [35m2979[0;39m [2m---[0;39m [2m[           main][0;39m [36mcom.netflix.discovery.DiscoveryClient   [0;39m [2m:[0;39m Registered Applications size is zero : true
[2m2019-08-21 22:01:28.120[0;39m [32m INFO [-,,,][0;39m [35m2979[0;39m [2m---[0;39m [2m[           main][0;39m [36mcom.netflix.discovery.DiscoveryClient   [0;39m [2m:[0;39m Application version is -1: true
[2m2019-08-21 22:01:28.120[0;39m [32m INFO [-,,,][0;39m [35m2979[0;39m [2m---[0;39m [2m[           main][0;39m [36mcom.netflix.discovery.DiscoveryClient   [0;39m [2m:[0;39m Getting all instance registry info from the eureka server
[2m2019-08-21 22:01:28.523[0;39m [32m INFO [-,,,][0;39m [35m2979[0;39m [2m---[0;39m [2m[           main][0;39m [36mcom.netflix.discovery.DiscoveryClient   [0;39m [2m:[0;39m The response status is 200
[2m2019-08-21 22:01:28.528[0;39m [32m INFO [-,,,][0;39m [35m2979[0;39m [2m---[0;39m [2m[           main][0;39m [36mcom.netflix.discovery.DiscoveryClient   [0;39m [2m:[0;39m Starting heartbeat executor: renew interval is: 30
[2m2019-08-21 22:01:28.531[0;39m [32m INFO [-,,,][0;39m [35m2979[0;39m [2m---[0;39m [2m[           main][0;39m [36mc.n.discovery.InstanceInfoReplicator    [0;39m [2m:[0;39m InstanceInfoReplicator onDemand update allowed rate per min is 4
[2m2019-08-21 22:01:28.537[0;39m [32m INFO [-,,,][0;39m [35m2979[0;39m [2m---[0;39m [2m[           main][0;39m [36mcom.netflix.discovery.DiscoveryClient   [0;39m [2m:[0;39m Discovery Client initialized at timestamp 1566396088535 with initial instances count: 2
[2m2019-08-21 22:01:28.553[0;39m [32m INFO [-,,,][0;39m [35m2979[0;39m [2m---[0;39m [2m[           main][0;39m [36mo.s.c.n.e.s.EurekaServiceRegistry       [0;39m [2m:[0;39m Registering application SLEUTH-CON with eureka with status UP
[2m2019-08-21 22:01:28.554[0;39m [32m INFO [-,,,][0;39m [35m2979[0;39m [2m---[0;39m [2m[           main][0;39m [36mcom.netflix.discovery.DiscoveryClient   [0;39m [2m:[0;39m Saw local status change event StatusChangeEvent [timestamp=1566396088554, current=UP, previous=STARTING]
[2m2019-08-21 22:01:28.556[0;39m [32m INFO [-,,,][0;39m [35m2979[0;39m [2m---[0;39m [2m[nfoReplicator-0][0;39m [36mcom.netflix.discovery.DiscoveryClient   [0;39m [2m:[0;39m DiscoveryClient_SLEUTH-CON/192.168.0.104:sleuth-con:8082: registering service...
[2m2019-08-21 22:01:28.600[0;39m [32m INFO [-,,,][0;39m [35m2979[0;39m [2m---[0;39m [2m[nfoReplicator-0][0;39m [36mcom.netflix.discovery.DiscoveryClient   [0;39m [2m:[0;39m DiscoveryClient_SLEUTH-CON/192.168.0.104:sleuth-con:8082 - registration status: 204
[2m2019-08-21 22:01:28.622[0;39m [32m INFO [-,,,][0;39m [35m2979[0;39m [2m---[0;39m [2m[           main][0;39m [36mo.s.b.w.embedded.tomcat.TomcatWebServer [0;39m [2m:[0;39m Tomcat started on port(s): 8082 (http) with context path ''
[2m2019-08-21 22:01:28.625[0;39m [32m INFO [-,,,][0;39m [35m2979[0;39m [2m---[0;39m [2m[           main][0;39m [36mc.s.sleuth.SleuthConServiceApplication  [0;39m [2m:[0;39m Started SleuthConServiceApplication in 7.064 seconds (JVM running for 8.766)
[2m2019-08-21 22:02:51.273[0;39m [32m INFO [-,,,][0;39m [35m2979[0;39m [2m---[0;39m [2m[nio-8082-exec-1][0;39m [36mo.a.c.c.C.[Tomcat].[localhost].[/]      [0;39m [2m:[0;39m Initializing Spring DispatcherServlet 'dispatcherServlet'
[2m2019-08-21 22:02:51.275[0;39m [32m INFO [-,,,][0;39m [35m2979[0;39m [2m---[0;39m [2m[nio-8082-exec-1][0;39m [36mo.s.web.servlet.DispatcherServlet       [0;39m [2m:[0;39m Initializing Servlet 'dispatcherServlet'
[2m2019-08-21 22:02:51.298[0;39m [32m INFO [-,,,][0;39m [35m2979[0;39m [2m---[0;39m [2m[nio-8082-exec-1][0;39m [36mo.s.web.servlet.DispatcherServlet       [0;39m [2m:[0;39m Completed initialization in 22 ms
[2m2019-08-21 22:02:51.334[0;39m [32m INFO [-,95624dcd1255e82b,38c899fc8eabc193,false][0;39m [35m2979[0;39m [2m---[0;39m [2m[nio-8082-exec-1][0;39m [36mcom.springcloud.sleuth.ConController    [0;39m [2m:[0;39m 我是/con/hello
[2m2019-08-21 22:06:28.122[0;39m [32m INFO [-,,,][0;39m [35m2979[0;39m [2m---[0;39m [2m[trap-executor-0][0;39m [36mc.n.d.s.r.aws.ConfigClusterResolver     [0;39m [2m:[0;39m Resolving eureka endpoints via configuration
